#
# There is insufficient memory for the Java Runtime Environment to continue.
# Native memory allocation (mmap) failed to map 134217728 bytes for G1 virtual space
# Possible reasons:
#   The system is out of physical RAM or swap space
#   The process is running with CompressedOops enabled, and the Java Heap may be blocking the growth of the native heap
# Possible solutions:
#   Reduce memory load on the system
#   Increase physical memory or swap space
#   Check if swap backing store is full
#   Decrease Java heap size (-Xmx/-Xms)
#   Decrease number of Java threads
#   Decrease Java thread stack sizes (-Xss)
#   Set larger code cache with -XX:ReservedCodeCacheSize=
#   JVM is running with Unscaled Compressed Oops mode in which the Java heap is
#     placed in the first 4GB address space. The Java Heap base address is the
#     maximum limit for the native heap growth. Please use -XX:HeapBaseMinAddress
#     to set the Java Heap base and to place the Java Heap above 4GB virtual address.
# This output file may be truncated or incomplete.
#
#  Out of Memory Error (os_windows.cpp:3466), pid=17412, tid=16432
#
# JRE version:  (16.0.1+9) (build )
# Java VM: Java HotSpot(TM) 64-Bit Server VM (16.0.1+9-24, mixed mode, sharing, tiered, compressed oops, compressed class ptrs, g1 gc, windows-amd64)
# No core dump will be written. Minidumps are not enabled by default on client versions of Windows
#

---------------  S U M M A R Y ------------

Command Line: -Dfile.encoding=Cp1252 -XX:+ShowCodeDetailsInExceptionMessages GUI.Game

Host: Intel(R) Core(TM) i7-5500U CPU @ 2.40GHz, 4 cores, 7G,  Windows 10 , 64 bit Build 19041 (10.0.19041.1023)
Time: Thu Jun 17 21:43:05 2021 SE Asia Standard Time elapsed time: 0.017757 seconds (0d 0h 0m 0s)

---------------  T H R E A D  ---------------

Current thread (0x000001f932dd5770):  JavaThread "Unknown thread" [_thread_in_vm, id=16432, stack(0x0000008cf0b00000,0x0000008cf0c00000)]

Stack: [0x0000008cf0b00000,0x0000008cf0c00000]
Native frames: (J=compiled Java code, j=interpreted, Vv=VM code, C=native code)
V  [jvm.dll+0x6687ca]
V  [jvm.dll+0x7ca3c9]
V  [jvm.dll+0x7cbb53]
V  [jvm.dll+0x7cc1b3]
V  [jvm.dll+0x242ea5]
V  [jvm.dll+0x665589]
V  [jvm.dll+0x65a175]
V  [jvm.dll+0x2fc5ab]
V  [jvm.dll+0x3037a6]
V  [jvm.dll+0x352fee]
V  [jvm.dll+0x35321f]
V  [jvm.dll+0x2d3618]
V  [jvm.dll+0x2d4854]
V  [jvm.dll+0x79ccb1]
V  [jvm.dll+0x360de1]
V  [jvm.dll+0x77a990]
V  [jvm.dll+0x3e55af]
V  [jvm.dll+0x3e7081]
C  [jli.dll+0x52fb]
C  [ucrtbase.dll+0x21bb2]
C  [KERNEL32.DLL+0x17034]
C  [ntdll.dll+0x52651]


---------------  P R O C E S S  ---------------

Threads class SMR info:
_java_thread_list=0x00007ffdc295cbb8, length=0, elements={
}

Java Threads: ( => current thread )

Other Threads:
  0x000001f932e13910 GCTaskThread "GC Thread#0" [stack: 0x0000008cf0c00000,0x0000008cf0d00000] [id=6468]
  0x000001f932e26e20 ConcurrentGCThread "G1 Main Marker" [stack: 0x0000008cf0d00000,0x0000008cf0e00000] [id=8832]
  0x000001f932e27820 ConcurrentGCThread "G1 Conc#0" [stack: 0x0000008cf0e00000,0x0000008cf0f00000] [id=11620]

[error occurred during error reporting (printing all threads), id 0xc0000005, EXCEPTION_ACCESS_VIOLATION (0xc0000005) at pc=0x00007ffdc21344d7]

VM state: not at safepoint (not fully initialized)

VM Mutex/Monitor currently owned by a thread:  ([mutex/lock_event])
[0x000001f932dd2520] Heap_lock - owner thread: 0x000001f932dd5770

Heap address: 0x0000000081800000, size: 2024 MB, Compressed Oops mode: 32-bit

CDS archive(s) mapped at: [0x0000000000000000-0x0000000000000000-0x0000000000000000), size 0, SharedBaseAddress: 0x0000000800000000, ArchiveRelocationMode: 0.
Narrow klass base: 0x0000000000000000, Narrow klass shift: 0, Narrow klass range: 0x0

GC Precious Log:
<Empty>

Heap:
 garbage-first heap   total 0K, used 0K [0x0000000081800000, 0x0000000100000000)
  region size 1024K, 0 young (0K), 0 survivors (0K)

[error occurred during error reporting (printing heap information), id 0xc0000005, EXCEPTION_ACCESS_VIOLATION (0xc0000005) at pc=0x00007ffdc25124ed]

GC Heap History (0 events):
No events

Deoptimization events (0 events):
No events

Classes unloaded (0 events):
No events

Classes redefined (0 events):
No events

Internal exceptions (0 events):
No events

Events (1 events):
Event: 0.010 Loaded shared library C:\Program Files\Java\jdk-16.0.1\bin\java.dll


Dynamic libraries:
0x00007ff76b270000 - 0x00007ff76b280000 	C:\Program Files\Java\jdk-16.0.1\bin\javaw.exe
0x00007ffe04bb0000 - 0x00007ffe04da5000 	C:\WINDOWS\SYSTEM32\ntdll.dll
0x00007ffe04590000 - 0x00007ffe0464d000 	C:\WINDOWS\System32\KERNEL32.DLL
0x00007ffe02590000 - 0x00007ffe02858000 	C:\WINDOWS\System32\KERNELBASE.dll
0x00007ffe02860000 - 0x00007ffe02960000 	C:\WINDOWS\System32\ucrtbase.dll
0x00007ffdf7e50000 - 0x00007ffdf7e68000 	C:\Program Files\Java\jdk-16.0.1\bin\jli.dll
0x00007ffe03130000 - 0x00007ffe031dc000 	C:\WINDOWS\System32\ADVAPI32.dll
0x00007ffe02f60000 - 0x00007ffe02ffe000 	C:\WINDOWS\System32\msvcrt.dll
0x00007ffe03a90000 - 0x00007ffe03b2b000 	C:\WINDOWS\System32\sechost.dll
0x00007ffe04890000 - 0x00007ffe049bb000 	C:\WINDOWS\System32\RPCRT4.dll
0x00007ffe02c80000 - 0x00007ffe02e20000 	C:\WINDOWS\System32\USER32.dll
0x00007ffe02560000 - 0x00007ffe02582000 	C:\WINDOWS\System32\win32u.dll
0x00007ffe03b40000 - 0x00007ffe03b6a000 	C:\WINDOWS\System32\GDI32.dll
0x00007ffe02450000 - 0x00007ffe0255b000 	C:\WINDOWS\System32\gdi32full.dll
0x00007ffe02a10000 - 0x00007ffe02aad000 	C:\WINDOWS\System32\msvcp_win.dll
0x00007ffdfad30000 - 0x00007ffdfad49000 	C:\Program Files\Java\jdk-16.0.1\bin\VCRUNTIME140.dll
0x00007ffdf18f0000 - 0x00007ffdf1b8a000 	C:\WINDOWS\WinSxS\amd64_microsoft.windows.common-controls_6595b64144ccf1df_6.0.19041.1052_none_60b8f8fd71f5e8cb\COMCTL32.dll
0x00007ffdf46e0000 - 0x00007ffdf46ea000 	C:\WINDOWS\SYSTEM32\VERSION.dll
0x00007ffe049c0000 - 0x00007ffe049f0000 	C:\WINDOWS\System32\IMM32.DLL
0x00007ffdfc350000 - 0x00007ffdfc35c000 	C:\Program Files\Java\jdk-16.0.1\bin\vcruntime140_1.dll
0x00007ffdd1ab0000 - 0x00007ffdd1b41000 	C:\Program Files\Java\jdk-16.0.1\bin\msvcp140.dll
0x00007ffdc1e50000 - 0x00007ffdc29fb000 	C:\Program Files\Java\jdk-16.0.1\bin\server\jvm.dll
0x00007ffe03b30000 - 0x00007ffe03b38000 	C:\WINDOWS\System32\PSAPI.DLL
0x00007ffe00ab0000 - 0x00007ffe00ab9000 	C:\WINDOWS\SYSTEM32\WSOCK32.dll
0x00007ffe02ef0000 - 0x00007ffe02f5b000 	C:\WINDOWS\System32\WS2_32.dll
0x00007ffdf46b0000 - 0x00007ffdf46d7000 	C:\WINDOWS\SYSTEM32\WINMM.dll
0x00007ffe00bc0000 - 0x00007ffe00bd2000 	C:\WINDOWS\SYSTEM32\kernel.appcore.dll
0x00007ffdfaf30000 - 0x00007ffdfaf3a000 	C:\Program Files\Java\jdk-16.0.1\bin\jimage.dll
0x00007ffe00100000 - 0x00007ffe002e4000 	C:\WINDOWS\SYSTEM32\DBGHELP.DLL
0x00007ffdef850000 - 0x00007ffdef87c000 	C:\WINDOWS\SYSTEM32\dbgcore.DLL
0x00007ffe02b90000 - 0x00007ffe02c13000 	C:\WINDOWS\System32\bcryptPrimitives.dll
0x00007ffdf6410000 - 0x00007ffdf6435000 	C:\Program Files\Java\jdk-16.0.1\bin\java.dll

dbghelp: loaded successfully - version: 4.0.5 - missing functions: none
symbol engine: initialized successfully - sym options: 0x614 - pdb path: .;C:\Program Files\Java\jdk-16.0.1\bin;C:\WINDOWS\SYSTEM32;C:\WINDOWS\WinSxS\amd64_microsoft.windows.common-controls_6595b64144ccf1df_6.0.19041.1052_none_60b8f8fd71f5e8cb;C:\Program Files\Java\jdk-16.0.1\bin\server

VM Arguments:
jvm_args: -Dfile.encoding=Cp1252 -XX:+ShowCodeDetailsInExceptionMessages 
java_command: GUI.Game
java_class_path (initial): G:\HaiZuka\Java\Tank-Game\bin
Launcher Type: SUN_STANDARD

[Global flags]
     intx CICompilerCount                          = 3                                         {product} {ergonomic}
     uint ConcGCThreads                            = 1                                         {product} {ergonomic}
     uint G1ConcRefinementThreads                  = 4                                         {product} {ergonomic}
   size_t G1HeapRegionSize                         = 1048576                                   {product} {ergonomic}
    uintx GCDrainStackTargetSize                   = 64                                        {product} {ergonomic}
   size_t InitialHeapSize                          = 134217728                                 {product} {ergonomic}
   size_t MarkStackSize                            = 4194304                                   {product} {ergonomic}
   size_t MaxHeapSize                              = 2122317824                                {product} {ergonomic}
   size_t MinHeapDeltaBytes                        = 1048576                                   {product} {ergonomic}
   size_t MinHeapSize                              = 8388608                                   {product} {ergonomic}
    uintx NonNMethodCodeHeapSize                   = 5832780                                {pd product} {ergonomic}
    uintx NonProfiledCodeHeapSize                  = 122912730                              {pd product} {ergonomic}
    uintx ProfiledCodeHeapSize                     = 122912730                              {pd product} {ergonomic}
    uintx ReservedCodeCacheSize                    = 251658240                              {pd product} {ergonomic}
     bool SegmentedCodeCache                       = true                                      {product} {ergonomic}
     bool ShowCodeDetailsInExceptionMessages       = true                                   {manageable} {command line}
   size_t SoftMaxHeapSize                          = 2122317824                             {manageable} {ergonomic}
     bool UseCompressedClassPointers               = true                           {product lp64_product} {ergonomic}
     bool UseCompressedOops                        = true                           {product lp64_product} {ergonomic}
     bool UseG1GC                                  = true                                      {product} {ergonomic}
     bool UseLargePagesIndividualAllocation        = false                                  {pd product} {ergonomic}

Logging:
Log output configuration:
 #0: stdout all=warning uptime,level,tags
 #1: stderr all=off uptime,level,tags

Environment Variables:
PATH=C:\Program Files\Common Files\Oracle\Java\javapath;C:\WINDOWS\system32;C:\WINDOWS;C:\WINDOWS\System32\Wbem;C:\WINDOWS\System32\WindowsPowerShell\v1.0\;C:\WINDOWS\System32\OpenSSH\;C:\Program Files\Git\cmd;C:\MinGW\bin;C:\xampp\php;C:\Users\Hai\AppData\Local\Programs\Python\Python39\Scripts\;C:\Users\Hai\AppData\Local\Programs\Python\Python39\;C:\Users\Hai\AppData\Local\Microsoft\WindowsApps;C:\Users\Hai\AppData\Local\Programs\Microsoft VS Code\bin;C:\Users\Hai\AppData\Local\GitHubDesktop\bin
USERNAME=Hai
OS=Windows_NT
PROCESSOR_IDENTIFIER=Intel64 Family 6 Model 61 Stepping 4, GenuineIntel



---------------  S Y S T E M  ---------------

OS:
 Windows 10 , 64 bit Build 19041 (10.0.19041.1023)
OS uptime: 1 days 16:57 hours

CPU: total 4 (initial active 4) (2 cores per cpu, 2 threads per core) family 6 model 61 stepping 4 microcode 0x2d, cx8, cmov, fxsr, ht, mmx, 3dnowpref, sse, sse2, sse3, ssse3, sse4.1, sse4.2, popcnt, lzcnt, tsc, tscinvbit, avx, avx2, aes, erms, clmul, bmi1, bmi2, adx, fma, vzeroupper, clflush

Memory: 4k page, system-wide physical 8091M (2891M free)
TotalPageFile size 22326M (AvailPageFile size 90M)
current process WorkingSet (physical memory assigned to process): 9M, peak: 9M
current process commit charge ("private bytes"): 51M, peak: 179M

vm_info: Java HotSpot(TM) 64-Bit Server VM (16.0.1+9-24) for windows-amd64 JRE (16.0.1+9-24), built on Mar 26 2021 19:31:42 by "mach5one" with MS VC++ 16.7 (VS2019)

END.
